NGC6791 KR V20,8.27000e-01,7.68000e-01,star
HD 124784,8.54000e-01,8.30000e-01,star
Parenago 1478,7.27000e-01,1.06300e+00,star
HD 7700,7.64000e-01,8.35000e-01,star
BD+34 4217,8.14000e-01,8.38000e-01,star
TYC 3629-740-1,8.69000e-01,9.64000e-01,star
GU Boo A,6.10000e-01,6.27000e-01,star
GU Boo B,6.00000e-01,6.24000e-01,star
YY Gem A,5.99000e-01,6.19000e-01,star
YY Gem B   ,5.99000e-01,6.19000e-01,star
CU Cnc A,4.35000e-01,4.32000e-01,star
CU Cnc B,3.99000e-01,3.92000e-01,star
CM Dra A,2.31000e-01,2.53000e-01,star
CM Dra B,2.14000e-01,2.40000e-01,star
MOTESS-GNAT 78457 A,5.27000e-01,5.05000e-01,star
MOTESS-GNAT 78457 B ,4.91000e-01,4.71000e-01,star
MOTESS-GNAT 116309 A ,5.67000e-01,5.52000e-01,star
MOTESS-GNAT 116309 B ,5.32000e-01,5.32000e-01,star
MOTESS-GNAT 506664 A ,5.84000e-01,5.60000e-01,star
MOTESS-GNAT 506664 B ,5.44000e-01,5.13000e-01,star
MOTESS-GNAT 646680 A ,4.99000e-01,4.57000e-01,star
MOTESS-GNAT 646680 B ,4.43000e-01,4.27000e-01,star
MOTESS-GNAT 1819499 A,5.57000e-01,5.69000e-01,star
MOTESS-GNAT 1819499 B,5.35000e-01,5.00000e-01,star
MOTESS-GNAT 2056316 A,4.69000e-01,4.41000e-01,star
MOTESS-GNAT 2056316 B,3.82000e-01,3.74000e-01,star
NSVS 11868841 A,8.70000e-01,9.83000e-01,star
NSVS 11868841 B,6.07000e-01,9.01000e-01,star
KOI-686b ,9.86197e-02,1.22143e-01,exoplanet
KOI-189b,7.43940e-02,1.00246e-01,exoplanet
OGLE-TR-123 B,8.50000e-02,1.33000e-01,star
GJ 570 A,8.02000e-01,7.39000e-01,star
GJ 845,7.62000e-01,7.32000e-01,star
GJ 879,7.25000e-01,6.29000e-01,star
GJ 887,5.03000e-01,4.59000e-01,star
GJ 551,1.18000e-01,1.41000e-01,star
SDSS0857+03 B,9.00000e-02,1.10000e-01,star
NN Ser B,1.11000e-01,1.49000e-01,star
GK Vir B,1.16000e-01,1.55000e-01,star
OGLE-TR-106 B,1.16000e-01,1.81000e-01,star
HAT-TR-205-013 B,1.24000e-01,1.67000e-01,star
SDSS 0138-00 B,1.32000e-01,1.65000e-01,star
GJ 699,1.46000e-01,1.87000e-01,star
SDSS 1210+33 B,1.58000e-01,2.00000e-01,star
SDSS 1548+40 B,1.73000e-01,1.81000e-01,star
RR Cae B,1.83000e-01,2.09000e-01,star
2MASS 0446+19 B,1.90000e-01,2.10000e-01,star
HATS551-019 B,1.70000e-01,1.80000e-01,star
Moon ,3.69618e-08,2.49333e-03,solar_system
Io ,4.50754e-08,2.61250e-03,solar_system
Europa ,2.41604e-08,2.24583e-03,solar_system
Ganymede ,7.45246e-08,3.78583e-03,solar_system
Callisto ,5.40905e-08,3.46500e-03,solar_system
Rhea ,1.15994e-09,1.10000e-03,solar_system
Titan ,6.76131e-08,3.70333e-03,solar_system
Titania ,1.77296e-09,1.13667e-03,solar_system
Oberon ,1.51754e-09,1.09083e-03,solar_system
Triton ,1.07580e-08,1.94333e-03,solar_system
Eris ,8.35397e-09,1.66833e-03,solar_system
Mercury ,1.66178e-07,3.51083e-03,solar_system
Venus ,2.44910e-06,8.69917e-03,solar_system
Earth ,3.00503e-06,9.16667e-03,solar_system
Mars ,3.21538e-07,4.87667e-03,solar_system
Jupiter ,9.54997e-04,1.02758e-01,solar_system
Saturn ,2.86078e-04,8.66250e-02,solar_system
Uranus ,4.35729e-05,3.67583e-02,solar_system
Neptune ,5.13859e-05,3.55667e-02,solar_system
Pluto ,6.55095e-09,1.70500e-03,solar_system
55-Cnc e ,2.42257e-05,1.72065e-02,exoplanet
CoRoT-01 b ,9.82382e-04,1.55793e-01,exoplanet
CoRoT-02 b ,3.40495e-03,1.46652e-01,exoplanet
CoRoT-03 b ,2.09448e-02,1.04163e-01,exoplanet
CoRoT-06 b ,2.82316e-03,1.19030e-01,exoplanet
CoRoT-07 b ,1.72632e-05,1.42032e-02,exoplanet
CoRoT-08 b ,2.06014e-04,7.15181e-02,exoplanet
CoRoT-09 b ,7.87813e-04,1.04163e-01,exoplanet
CoRoT-10 b ,2.65148e-03,9.45205e-02,exoplanet
CoRoT-11 b ,2.23182e-03,1.43237e-01,exoplanet
CoRoT-12 b ,8.45993e-04,1.35603e-01,exoplanet
CoRoT-13 b ,1.25134e-03,1.25759e-01,exoplanet
CoRoT-14 b ,7.31541e-03,1.02255e-01,exoplanet
CoRoT-18 b ,3.11882e-03,1.25659e-01,exoplanet
CoRoT-20 b ,4.82607e-03,1.16518e-01,exoplanet
CoRoT-21 b ,2.15552e-03,1.27567e-01,exoplanet
CoRoT-26 b ,4.95960e-04,1.26563e-01,exoplanet
CoRoT-27 b ,9.90966e-03,1.01150e-01,exoplanet
CoRoT-28 b ,4.61624e-04,9.59267e-02,exoplanet
CoRoT-29 b ,8.10704e-04,9.04022e-02,exoplanet
EPIC-203771098 c ,8.10704e-05,7.01119e-02,exoplanet
EPIC-204129699 b ,1.69199e-03,1.06474e-01,exoplanet
EPIC-204221263 b ,3.62432e-05,1.38617e-02,exoplanet
GJ-0436 b ,7.62061e-05,3.67635e-02,exoplanet
GJ-1214 b ,1.87892e-05,2.55135e-02,exoplanet
GJ-3470 b ,4.12028e-05,3.47546e-02,exoplanet
HAT-P-01 b ,5.00729e-04,1.32489e-01,exoplanet
HAT-P-02 b ,8.33594e-03,1.19532e-01,exoplanet
HAT-P-03 b ,5.57001e-04,9.51232e-02,exoplanet
HAT-P-05 b ,1.01099e-03,1.25759e-01,exoplanet
HAT-P-06 b ,1.01386e-03,1.40123e-01,exoplanet
HAT-P-07 b ,1.78355e-03,1.53282e-01,exoplanet
HAT-P-08 b ,1.21606e-03,1.32690e-01,exoplanet
HAT-P-09 b ,7.42032e-04,1.38617e-01,exoplanet
HAT-P-11 b ,8.01166e-05,3.98372e-02,exoplanet
HAT-P-12 b ,2.00291e-04,9.40182e-02,exoplanet
HAT-P-13 b ,8.64115e-04,1.49364e-01,exoplanet
HAT-P-14 b ,2.16601e-03,1.22445e-01,exoplanet
HAT-P-15 b ,1.85603e-03,1.07679e-01,exoplanet
HAT-P-16 b ,3.99915e-03,1.19532e-01,exoplanet
HAT-P-17 b ,5.09313e-04,1.01451e-01,exoplanet
HAT-P-18 b ,1.86939e-04,9.51232e-02,exoplanet
HAT-P-19 b ,2.78501e-04,1.13706e-01,exoplanet
HAT-P-20 b ,6.91101e-03,8.70874e-02,exoplanet
HAT-P-21 b ,3.87516e-03,1.02858e-01,exoplanet
HAT-P-22 b ,2.04774e-03,1.08483e-01,exoplanet
HAT-P-23 b ,1.97430e-03,1.22947e-01,exoplanet
HAT-P-30 b ,6.78130e-04,1.34599e-01,exoplanet
HAT-P-32 b ,8.20241e-04,1.79699e-01,exoplanet
HAT-P-33 b ,7.26772e-04,1.69353e-01,exoplanet
HAT-P-35 b ,1.00527e-03,1.33795e-01,exoplanet
HAT-P-36 b ,1.76638e-03,1.30983e-01,exoplanet
HAT-P-37 b ,1.11496e-03,1.18326e-01,exoplanet
HAT-P-40 b ,5.86568e-04,1.73773e-01,exoplanet
HAT-P-42 b ,9.95735e-04,1.28572e-01,exoplanet
HAT-P-50 b ,1.28759e-03,1.29376e-01,exoplanet
HAT-P-51 b ,2.94715e-04,1.29878e-01,exoplanet
HAT-P-52 b ,7.80183e-04,1.01351e-01,exoplanet
HAT-P-53 b ,1.41539e-03,1.32389e-01,exoplanet
HAT-P-54 b ,7.24864e-04,9.48218e-02,exoplanet
HAT-P-55 b ,5.55093e-04,1.18728e-01,exoplanet
HAT-P-56 b ,2.07922e-03,1.47255e-01,exoplanet
HATS-02 b ,1.28282e-03,1.17322e-01,exoplanet
HATS-03 b ,1.02149e-03,1.38717e-01,exoplanet
HATS-04 b ,1.26184e-03,1.02456e-01,exoplanet
HATS-05 b ,2.26043e-04,9.16075e-02,exoplanet
HATS-06 b ,3.04252e-04,1.00246e-01,exoplanet
HATS-09 b ,7.98305e-04,1.06976e-01,exoplanet
HATS-13 b ,5.17896e-04,1.21742e-01,exoplanet
HATS-15 b ,2.06968e-03,1.10994e-01,exoplanet
HATS-16 b ,3.11882e-03,1.30581e-01,exoplanet
HATS-17 b ,1.27614e-03,7.80472e-02,exoplanet
HD-017156 b ,3.11119e-03,1.06976e-01,exoplanet
HD-080606 b ,3.92381e-03,1.00748e-01,exoplanet
HD-097658 b ,2.26997e-05,2.01396e-02,exoplanet
HD-149026 b ,3.50987e-04,8.16633e-02,exoplanet
HD-189733 b ,1.09683e-03,1.15614e-01,exoplanet
HD-209458 b ,6.80991e-04,1.38617e-01,exoplanet
HD-219134 b ,1.29713e-05,1.43940e-02,exoplanet
K2-02 b ,3.52894e-05,2.27010e-02,exoplanet
K2-19 b ,1.31620e-04,6.68976e-02,exoplanet
KELT-03 b ,1.40872e-03,1.35101e-01,exoplanet
KELT-04 b ,8.60299e-04,1.70659e-01,exoplanet
KELT-07 b ,1.22082e-03,1.53985e-01,exoplanet
KELT-15 b ,1.14071e-03,1.52679e-01,exoplanet
Kepler-07 b ,4.32057e-04,1.65637e-01,exoplanet
Kepler-08 b ,5.62724e-04,1.38717e-01,exoplanet
Kepler-09 b ,1.35435e-04,9.94424e-02,exoplanet
Kepler-09 c ,9.34693e-05,9.59267e-02,exoplanet
Kepler-14 b ,7.32494e-03,1.13103e-01,exoplanet
Kepler-15 b ,6.63823e-04,1.29476e-01,exoplanet
Kepler-18 c ,5.15035e-05,4.92190e-02,exoplanet
Kepler-18 d ,4.92145e-05,6.25784e-02,exoplanet
Kepler-25 c ,7.34402e-05,4.66073e-02,exoplanet
Kepler-26 b ,1.53557e-05,2.49108e-02,exoplanet
Kepler-26 c ,1.85985e-05,2.44086e-02,exoplanet
Kepler-29 b ,1.35435e-05,3.00336e-02,exoplanet
Kepler-29 c ,1.20175e-05,2.81251e-02,exoplanet
Kepler-30 b ,3.38588e-05,3.51564e-02,exoplanet
Kepler-30 d ,6.93390e-05,7.93530e-02,exoplanet
Kepler-34 b ,2.09829e-04,7.67414e-02,exoplanet
Kepler-35 b ,1.21129e-04,7.31253e-02,exoplanet
Kepler-39 b ,1.82170e-02,1.11496e-01,exoplanet
Kepler-40 b ,2.06014e-03,1.44643e-01,exoplanet
Kepler-41 b ,5.34111e-04,1.29576e-01,exoplanet
Kepler-43 b ,2.94715e-03,1.11998e-01,exoplanet
Kepler-44 b ,9.53769e-04,1.09487e-01,exoplanet
Kepler-45 b ,4.76884e-04,1.00346e-01,exoplanet
Kepler-48 c ,4.38734e-05,2.43081e-02,exoplanet
Kepler-51 d ,2.27951e-05,8.68865e-02,exoplanet
Kepler-56 b ,6.58101e-05,5.83596e-02,exoplanet
Kepler-56 c ,5.42694e-04,8.77905e-02,exoplanet
Kepler-60 c ,1.15406e-05,1.70760e-02,exoplanet
Kepler-74 b ,6.00874e-04,9.64290e-02,exoplanet
Kepler-75 b ,9.63307e-03,1.05469e-01,exoplanet
Kepler-76 b ,2.07922e-03,1.25559e-01,exoplanet
Kepler-77 b ,4.10121e-04,9.64290e-02,exoplanet
Kepler-78 b ,5.62724e-06,1.07478e-02,exoplanet
Kepler-79 e ,1.23036e-05,3.12390e-02,exoplanet
Kepler-87 b ,9.72844e-04,1.20838e-01,exoplanet
Kepler-87 c ,1.91708e-05,5.50449e-02,exoplanet
Kepler-88 b ,2.61333e-05,3.38506e-02,exoplanet
Kepler-89 d ,3.17605e-04,1.00949e-01,exoplanet
Kepler-93 b ,1.20175e-05,1.32489e-02,exoplanet
Kepler-94 b ,3.24281e-05,3.14399e-02,exoplanet
Kepler-95 b ,3.91045e-05,3.06363e-02,exoplanet
Kepler-99 b ,1.81216e-05,1.32590e-02,exoplanet
Kepler-101 b ,1.53557e-04,5.17301e-02,exoplanet
Kepler-102 e ,2.67055e-05,1.98885e-02,exoplanet
Kepler-105 c ,1.38296e-05,1.17523e-02,exoplanet
Kepler-106 c ,3.14744e-05,2.23996e-02,exoplanet
Kepler-117 c ,1.75493e-03,1.10592e-01,exoplanet
Kepler-131 b ,4.86422e-05,2.15961e-02,exoplanet
Kepler-289 c ,1.23990e-05,2.40068e-02,exoplanet
Kepler-289 d ,3.95814e-04,1.03862e-01,exoplanet
Kepler-307 b ,2.23182e-05,2.17970e-02,exoplanet
Kepler-406 b ,1.90754e-05,1.28572e-02,exoplanet
Kepler-412 b ,8.95589e-04,1.33092e-01,exoplanet
Kepler-420 b ,1.38296e-03,9.44200e-02,exoplanet
Kepler-422 b ,4.10121e-04,1.15514e-01,exoplanet
Kepler-423 b ,5.67492e-04,1.19733e-01,exoplanet
Kepler-433 b ,2.68963e-03,1.45648e-01,exoplanet
Kepler-435 b ,8.01166e-04,1.99889e-01,exoplanet
Kepler-447 b ,1.30666e-03,1.65737e-01,exoplanet
Kepler-454 b ,2.04107e-05,2.11943e-02,exoplanet
KOI-188 b ,2.38442e-04,9.82370e-02,exoplanet
KOI-192 b ,2.76593e-04,1.23550e-01,exoplanet
KOI-195 b ,3.24281e-04,1.09487e-01,exoplanet
KOI-372 b ,3.09975e-03,8.85941e-02,exoplanet
KOI-830 b ,1.21129e-03,1.08483e-01,exoplanet
KOI-1474 b ,2.47980e-03,9.64290e-02,exoplanet
LHS-6343 b ,5.92290e-02,7.86499e-02,exoplanet
OGLE-TR-010 b ,6.48563e-04,1.72769e-01,exoplanet
OGLE-TR-056 b ,1.34481e-03,1.74175e-01,exoplanet
OGLE-TR-111 b ,5.24573e-04,1.01552e-01,exoplanet
OGLE-TR-113 b ,1.17314e-03,1.09286e-01,exoplanet
OGLE-TR-132 b ,1.11591e-03,1.23449e-01,exoplanet
OGLE-TR-182 b ,1.01099e-03,1.47657e-01,exoplanet
Qatar-1 b ,1.23418e-03,1.14811e-01,exoplanet
Qatar-2 b ,2.37870e-03,1.25960e-01,exoplanet
TrES-1 b ,7.25818e-04,1.10391e-01,exoplanet
TrES-2 b ,1.15025e-03,1.19833e-01,exoplanet
TrES-3 b ,1.81121e-03,1.31585e-01,exoplanet
TrES-5 b ,1.70725e-03,1.19934e-01,exoplanet
WASP-02 b ,8.39317e-04,1.06775e-01,exoplanet
WASP-04 b ,1.19126e-03,1.37009e-01,exoplanet
WASP-05 b ,1.52126e-03,1.18025e-01,exoplanet
WASP-06 b ,4.62578e-04,1.23550e-01,exoplanet
WASP-07 b ,9.34693e-04,1.38014e-01,exoplanet
WASP-11 b ,4.69254e-04,9.94424e-02,exoplanet
WASP-13 b ,4.88330e-04,1.53483e-01,exoplanet
WASP-15 b ,5.64631e-04,1.41429e-01,exoplanet
WASP-16 b ,7.93536e-04,1.22344e-01,exoplanet
WASP-17 b ,4.54948e-04,1.94063e-01,exoplanet
WASP-18 b ,1.00336e-02,1.20938e-01,exoplanet
WASP-19 b ,1.08634e-03,1.41630e-01,exoplanet
WASP-20 b ,2.96622e-04,1.46853e-01,exoplanet
WASP-21 b ,2.63240e-04,1.16719e-01,exoplanet
WASP-24 b ,1.05773e-03,1.30882e-01,exoplanet
WASP-25 b ,5.70354e-04,1.25257e-01,exoplanet
WASP-26 b ,9.72844e-04,1.22143e-01,exoplanet
WASP-28 b ,8.65068e-04,1.21842e-01,exoplanet
WASP-29 b ,2.32720e-04,7.79467e-02,exoplanet
WASP-31 b ,4.55902e-04,1.55592e-01,exoplanet
WASP-32 b ,3.43357e-03,1.18527e-01,exoplanet
WASP-35 b ,6.86714e-04,1.32590e-01,exoplanet
WASP-36 b ,2.19653e-03,1.28672e-01,exoplanet
WASP-38 b ,2.56659e-03,1.09889e-01,exoplanet
WASP-39 b ,2.67055e-04,1.27567e-01,exoplanet
WASP-41 b ,9.31832e-04,1.18326e-01,exoplanet
WASP-42 b ,5.02636e-04,1.12701e-01,exoplanet
WASP-43 b ,1.93997e-03,1.04063e-01,exoplanet
WASP-44 b ,8.28825e-04,1.00648e-01,exoplanet
WASP-45 b ,9.55676e-04,9.96433e-02,exoplanet
WASP-46 b ,1.82170e-03,1.17925e-01,exoplanet
WASP-47 b ,1.07776e-03,1.13907e-01,exoplanet
WASP-47 c ,3.62432e-05,1.62824e-02,exoplanet
WASP-48 b ,8.65068e-04,1.40224e-01,exoplanet
WASP-49 b ,3.60525e-04,1.11998e-01,exoplanet
WASP-50 b ,1.37057e-03,1.14309e-01,exoplanet
WASP-52 b ,4.38734e-04,1.17121e-01,exoplanet
WASP-54 b ,6.06597e-04,1.66039e-01,exoplanet
WASP-56 b ,5.44602e-04,1.09688e-01,exoplanet
WASP-57 b ,6.14227e-04,1.05469e-01,exoplanet
WASP-58 b ,8.48854e-04,1.37612e-01,exoplanet
WASP-59 b ,8.23103e-04,7.78463e-02,exoplanet
WASP-60 b ,4.90237e-04,8.63843e-02,exoplanet
WASP-61 b ,1.96476e-03,1.24554e-01,exoplanet
WASP-62 b ,5.43648e-04,1.39621e-01,exoplanet
WASP-64 b ,1.21224e-03,1.27668e-01,exoplanet
WASP-65 b ,1.47834e-03,1.11697e-01,exoplanet
WASP-66 b ,2.21274e-03,1.39621e-01,exoplanet
WASP-67 b ,3.87230e-04,1.09588e-01,exoplanet
WASP-69 b ,2.47980e-04,1.06172e-01,exoplanet
WASP-71 b ,2.13835e-03,1.46652e-01,exoplanet
WASP-72 b ,1.39346e-03,1.27567e-01,exoplanet
WASP-74 b ,9.06080e-04,1.56697e-01,exoplanet
WASP-75 b ,1.02053e-03,1.27567e-01,exoplanet
WASP-77 b,1.67863e-03,1.21541e-01,exoplanet
WASP-78 b ,8.48854e-04,1.70760e-01,exoplanet
WASP-79 b ,8.58392e-04,2.09934e-01,exoplanet
WASP-80 b ,5.36018e-04,9.90406e-02,exoplanet
WASP-84 b ,6.55239e-04,9.80361e-02,exoplanet
WASP-85 b ,1.20652e-03,1.24554e-01,exoplanet
WASP-87 b ,2.07922e-03,1.39119e-01,exoplanet
WASP-89 b ,5.62724e-03,1.04465e-01,exoplanet
WASP-90 b ,6.00874e-04,1.63728e-01,exoplanet
WASP-96 b ,4.57809e-04,1.20536e-01,exoplanet
WASP-97 b ,1.25897e-03,1.13505e-01,exoplanet
WASP-98 b ,7.91628e-04,1.10492e-01,exoplanet
WASP-100 b ,1.93615e-03,1.69755e-01,exoplanet
WASP-101 b ,4.76884e-04,1.41630e-01,exoplanet
WASP-103 b ,1.40204e-03,1.56094e-01,exoplanet
WASP-104 b ,1.21319e-03,1.14208e-01,exoplanet
WASP-108 b ,8.50762e-04,1.28974e-01,exoplanet
WASP-109 b ,8.67930e-04,1.44945e-01,exoplanet
WASP-110 b ,4.86422e-04,1.24353e-01,exoplanet
WASP-111 b ,1.74540e-03,1.44945e-01,exoplanet
WASP-112 b ,8.39317e-04,1.19632e-01,exoplanet
WASP-120 b ,4.77838e-03,1.52177e-01,exoplanet
WASP-121 b ,1.12831e-03,1.87333e-01,exoplanet
WASP-122 b ,1.30857e-03,1.80001e-01,exoplanet
WASP-123 b ,8.77467e-04,1.33293e-01,exoplanet
WASP-135 b ,1.81216e-03,1.30581e-01,exoplanet
WTS-2 b ,1.06822e-03,1.36909e-01,exoplanet
XO-1 b ,8.81282e-04,1.21139e-01,exoplanet
XO-2 b ,5.69400e-04,1.02355e-01,exoplanet
XO-3 b ,1.12831e-02,1.25358e-01,exoplanet
XO-5 b ,1.13498e-03,1.14710e-01,exoplanet
